[21/Apr/2026 19:08:08] "GET / HTTP/1.1" 200 12068
[21/Apr/2026 19:08:36] "HEAD / HTTP/1.1" 200 0
[21/Apr/2026 20:35:48] "GET / HTTP/1.1" 200 12068
Not Found: /favicon.ico
[21/Apr/2026 20:35:48] "GET /favicon.ico HTTP/1.1" 404 2211
[21/Apr/2026 20:35:52] "GET / HTTP/1.1" 200 12068
Not Found: /flights
[21/Apr/2026 20:36:04] "GET /flights HTTP/1.1" 404 2199
[21/Apr/2026 20:36:16] "GET /admin HTTP/1.1" 301 0
[21/Apr/2026 20:36:16] "GET /admin/ HTTP/1.1" 302 0
[21/Apr/2026 20:36:16] "GET /admin/login/?next=/admin/ HTTP/1.1" 200 4083
[21/Apr/2026 20:36:16] "GET /static/admin/css/nav_sidebar.css HTTP/1.1" 200 2810
[21/Apr/2026 20:36:16] "GET /static/admin/css/login.css HTTP/1.1" 200 951
[21/Apr/2026 20:36:16] "GET /static/admin/css/responsive.css HTTP/1.1" 200 16273
[21/Apr/2026 20:36:16] "GET /static/admin/css/dark_mode.css HTTP/1.1" 200 3538
[21/Apr/2026 20:36:16] "GET /static/admin/js/theme.js HTTP/1.1" 200 1653
[21/Apr/2026 20:36:16] "GET /static/admin/css/base.css HTTP/1.1" 200 23100
[21/Apr/2026 20:36:16] "GET /static/admin/js/nav_sidebar.js HTTP/1.1" 200 3063
[21/Apr/2026 20:37:32] "POST /admin/login/?next=/admin/ HTTP/1.1" 302 0
[21/Apr/2026 20:37:32] "GET /admin/ HTTP/1.1" 200 6028
[21/Apr/2026 20:37:32] "GET /static/admin/css/dashboard.css HTTP/1.1" 200 441
[21/Apr/2026 20:37:32] "GET /static/admin/img/icon-changelink.svg HTTP/1.1" 200 978
[21/Apr/2026 20:37:32] "GET /static/admin/img/icon-addlink.svg HTTP/1.1" 200 593
[21/Apr/2026 20:37:42] "GET /admin/auth/group/add/ HTTP/1.1" 200 12140
[21/Apr/2026 20:37:42] "GET /static/admin/js/admin/RelatedObjectLookups.js HTTP/1.1" 200 9777
[21/Apr/2026 20:37:42] "GET /static/admin/js/jquery.init.js HTTP/1.1" 200 347
[21/Apr/2026 20:37:42] "GET /static/admin/js/core.js HTTP/1.1" 200 6208
[21/Apr/2026 20:37:42] "GET /static/admin/js/actions.js HTTP/1.1" 200 8076
[21/Apr/2026 20:37:42] "GET /static/admin/js/vendor/jquery/jquery.js HTTP/1.1" 200 285314
[21/Apr/2026 20:37:42] "GET /static/admin/js/urlify.js HTTP/1.1" 200 7887
[21/Apr/2026 20:37:42] "GET /static/admin/css/widgets.css HTTP/1.1" 200 11811
[21/Apr/2026 20:37:42] "GET /static/admin/js/SelectFilter2.js HTTP/1.1" 200 16428
[21/Apr/2026 20:37:42] "GET /static/admin/css/forms.css HTTP/1.1" 200 8831
[21/Apr/2026 20:37:42] "GET /static/admin/js/prepopulate.js HTTP/1.1" 200 1531
[21/Apr/2026 20:37:42] "GET /static/admin/js/prepopulate_init.js HTTP/1.1" 200 586
[21/Apr/2026 20:37:42] "GET /static/admin/js/vendor/xregexp/xregexp.js HTTP/1.1" 200 325171
[21/Apr/2026 20:37:42] "GET /admin/jsi18n/ HTTP/1.1" 200 3342
[21/Apr/2026 20:37:42] "GET /static/admin/js/SelectBox.js HTTP/1.1" 200 4530
[21/Apr/2026 20:37:42] "GET /static/admin/js/change_form.js HTTP/1.1" 200 606
[21/Apr/2026 20:37:43] "GET /static/admin/img/selector-icons.svg HTTP/1.1" 200 2387
[21/Apr/2026 20:37:43] "GET /static/admin/img/search.svg HTTP/1.1" 200 607
Not Found: /flights
[21/Apr/2026 20:37:57] "GET /flights HTTP/1.1" 404 2199
